#! /c/Source/iverilog-install/bin/vvp
:ivl_version "12.0 (devel)" "(s20150603-1539-g2693dd32b)";
:ivl_delay_selection "TYPICAL";
:vpi_time_precision + 0;
:vpi_module "C:\iverilog\lib\ivl\system.vpi";
:vpi_module "C:\iverilog\lib\ivl\vhdl_sys.vpi";
:vpi_module "C:\iverilog\lib\ivl\vhdl_textio.vpi";
:vpi_module "C:\iverilog\lib\ivl\v2005_math.vpi";
:vpi_module "C:\iverilog\lib\ivl\va_math.vpi";
S_000001f2938427f0 .scope module, "alu" "alu" 2 1;
 .timescale 0 0;
    .port_info 0 /INPUT 32 "A";
    .port_info 1 /INPUT 32 "B";
    .port_info 2 /INPUT 3 "ALUControl";
    .port_info 3 /OUTPUT 32 "Result";
o000001f293876f98 .functor BUFZ 32, C4<zzzzzzzzzzzzzzzzzzzzzzzzzzzzzzzz>; HiZ drive
o000001f293876ff8 .functor BUFZ 32, C4<zzzzzzzzzzzzzzzzzzzzzzzzzzzzzzzz>; HiZ drive
L_000001f293865dd0 .functor AND 32, o000001f293876f98, o000001f293876ff8, C4<11111111111111111111111111111111>, C4<11111111111111111111111111111111>;
L_000001f2938431c0 .functor OR 32, o000001f293876f98, o000001f293876ff8, C4<00000000000000000000000000000000>, C4<00000000000000000000000000000000>;
L_000001f293843320 .functor NOT 32, o000001f293876ff8, C4<00000000000000000000000000000000>, C4<00000000000000000000000000000000>, C4<00000000000000000000000000000000>;
L_000001f2938c6488 .functor BUFT 1, C4<0>, C4<0>, C4<0>, C4<0>;
L_000001f29386c200 .functor XNOR 1, L_000001f2938c5960, L_000001f2938c6488, C4<0>, C4<0>;
L_000001f2938734a0 .functor BUFZ 32, L_000001f2938c4ec0, C4<00000000000000000000000000000000>, C4<00000000000000000000000000000000>, C4<00000000000000000000000000000000>;
v000001f29386aeb0_0 .net "A", 31 0, o000001f293876f98;  0 drivers
o000001f293876fc8 .functor BUFZ 3, C4<zzz>; HiZ drive
v000001f29386ab90_0 .net "ALUControl", 2 0, o000001f293876fc8;  0 drivers
v000001f29386a4b0_0 .net "B", 31 0, o000001f293876ff8;  0 drivers
v000001f29386a230_0 .net "Result", 31 0, L_000001f2938734a0;  1 drivers
v000001f29386ac30_0 .net *"_ivl_10", 0 0, L_000001f29386c200;  1 drivers
v000001f29386acd0_0 .net *"_ivl_14", 31 0, L_000001f2938c4560;  1 drivers
v000001f29386a7d0_0 .net *"_ivl_17", 0 0, L_000001f2938c50a0;  1 drivers
v000001f29386a2d0_0 .net *"_ivl_18", 31 0, L_000001f2938c60e0;  1 drivers
L_000001f2938c64d0 .functor BUFT 1, C4<0000000000000000000000000000000>, C4<0>, C4<0>, C4<0>;
v000001f29386ad70_0 .net *"_ivl_21", 30 0, L_000001f2938c64d0;  1 drivers
v000001f29386ae10_0 .net *"_ivl_25", 1 0, L_000001f2938c5500;  1 drivers
L_000001f2938c6518 .functor BUFT 1, C4<00>, C4<0>, C4<0>, C4<0>;
v000001f29386a910_0 .net/2u *"_ivl_26", 1 0, L_000001f2938c6518;  1 drivers
v000001f29386aaf0_0 .net *"_ivl_28", 0 0, L_000001f2938c5140;  1 drivers
v000001f29386af50_0 .net *"_ivl_31", 1 0, L_000001f2938c5b40;  1 drivers
L_000001f2938c6560 .functor BUFT 1, C4<01>, C4<0>, C4<0>, C4<0>;
v000001f29386b090_0 .net/2u *"_ivl_32", 1 0, L_000001f2938c6560;  1 drivers
v000001f29386aff0_0 .net *"_ivl_34", 0 0, L_000001f2938c55a0;  1 drivers
v000001f29386a370_0 .net *"_ivl_37", 1 0, L_000001f2938c5280;  1 drivers
L_000001f2938c65a8 .functor BUFT 1, C4<10>, C4<0>, C4<0>, C4<0>;
v000001f29386b130_0 .net/2u *"_ivl_38", 1 0, L_000001f2938c65a8;  1 drivers
v000001f29386a410_0 .net *"_ivl_40", 0 0, L_000001f2938c6360;  1 drivers
v000001f29386a550_0 .net *"_ivl_42", 31 0, L_000001f2938c5aa0;  1 drivers
v000001f29386a5f0_0 .net *"_ivl_44", 31 0, L_000001f2938c4a60;  1 drivers
v000001f29386a690_0 .net *"_ivl_7", 0 0, L_000001f2938c5960;  1 drivers
v000001f29386a870_0 .net/2u *"_ivl_8", 0 0, L_000001f2938c6488;  1 drivers
v000001f29386a9b0_0 .net "a_and_b", 31 0, L_000001f293865dd0;  1 drivers
v000001f29386aa50_0 .net "a_or_b", 31 0, L_000001f2938431c0;  1 drivers
v000001f2938c5820_0 .net "mux_1", 31 0, L_000001f2938c5a00;  1 drivers
v000001f2938c4600_0 .net "mux_2", 31 0, L_000001f2938c4ec0;  1 drivers
v000001f2938c4c40_0 .net "not_b", 31 0, L_000001f293843320;  1 drivers
v000001f2938c5460_0 .net "sum", 31 0, L_000001f2938c4920;  1 drivers
L_000001f2938c5960 .part o000001f293876fc8, 0, 1;
L_000001f2938c5a00 .functor MUXZ 32, L_000001f293843320, o000001f293876ff8, L_000001f29386c200, C4<>;
L_000001f2938c4560 .arith/sum 32, o000001f293876f98, L_000001f2938c5a00;
L_000001f2938c50a0 .part o000001f293876fc8, 0, 1;
L_000001f2938c60e0 .concat [ 1 31 0 0], L_000001f2938c50a0, L_000001f2938c64d0;
L_000001f2938c4920 .arith/sum 32, L_000001f2938c4560, L_000001f2938c60e0;
L_000001f2938c5500 .part o000001f293876fc8, 0, 2;
L_000001f2938c5140 .cmp/eq 2, L_000001f2938c5500, L_000001f2938c6518;
L_000001f2938c5b40 .part o000001f293876fc8, 0, 2;
L_000001f2938c55a0 .cmp/eq 2, L_000001f2938c5b40, L_000001f2938c6560;
L_000001f2938c5280 .part o000001f293876fc8, 0, 2;
L_000001f2938c6360 .cmp/eq 2, L_000001f2938c5280, L_000001f2938c65a8;
L_000001f2938c5aa0 .functor MUXZ 32, L_000001f2938431c0, L_000001f293865dd0, L_000001f2938c6360, C4<>;
L_000001f2938c4a60 .functor MUXZ 32, L_000001f2938c5aa0, L_000001f2938c4920, L_000001f2938c55a0, C4<>;
L_000001f2938c4ec0 .functor MUXZ 32, L_000001f2938c4a60, L_000001f2938c4920, L_000001f2938c5140, C4<>;
    .scope S_000001f2938427f0;
T_0 ;
    %vpi_call 2 41 "$display", "Print" {0 0 0};
    %end;
    .thread T_0;
# The file index is used to find the file name in the following table.
:file_names 3;
    "N/A";
    "<interactive>";
    "alu_with_flag.v";
